<?xml version="1.0" encoding="UTF-8"?>
<testng-results skipped="0" failed="0" ignored="23" total="24" passed="1">
  <reporter-output>
  </reporter-output>
  <suite name="Admin_Suit" duration-ms="20015" started-at="2019-11-13T12:29:55Z" finished-at="2019-11-13T12:30:15Z">
    <groups>
      <group name="Func only">
        <method signature="PlanManagementModule.TC24_PlanManagement_Approved_Invoices_Pagination()[pri:0, instance:tests.planManagement.PlanManagementModule@3abbfa04]" name="TC24_PlanManagement_Approved_Invoices_Pagination" class="tests.planManagement.PlanManagementModule"/>
      </group> <!-- Func only -->
    </groups>
    <test name="ADMIN_TESTS_" duration-ms="20015" started-at="2019-11-13T12:29:55Z" finished-at="2019-11-13T12:30:15Z">
      <class name="tests.planManagement.PlanManagementModule">
        <test-method status="PASS" signature="TC24_PlanManagement_Approved_Invoices_Pagination()[pri:0, instance:tests.planManagement.PlanManagementModule@3abbfa04]" name="TC24_PlanManagement_Approved_Invoices_Pagination" duration-ms="19199" started-at="2019-11-13T17:59:55Z" description="TC24_PlanManagement_Approved_Invoices_Pagination" finished-at="2019-11-13T18:00:14Z">
          <reporter-output>
          </reporter-output>
        </test-method> <!-- TC24_PlanManagement_Approved_Invoices_Pagination -->
      </class> <!-- tests.planManagement.PlanManagementModule -->
    </test> <!-- ADMIN_TESTS_ -->
  </suite> <!-- Admin_Suit -->
</testng-results>
