<?xml version="1.0" encoding="UTF-8"?>
<!-- Generated by org.testng.reporters.JUnitXMLReporter -->
<testsuite hostname="DESKTOP-PDO9TDI" ignored="23" name="ADMIN_TESTS_" tests="1" failures="0" timestamp="13 Nov 2019 12:30:15 GMT" time="20.015" errors="0">
  <testcase name="TC24_PlanManagement_Approved_Invoices_Pagination" time="19.199" classname="tests.planManagement.PlanManagementModule"/>
  <testcase name="TC06_PlanManagement_toggle_between_Quantity_and_DollarValue" time="0.0" classname="tests.planManagement.PlanManagementModule">
    <ignored/>
  </testcase> <!-- TC06_PlanManagement_toggle_between_Quantity_and_DollarValue -->
  <testcase name="TC15_PlanManagement_Status_Links_Paid" time="0.0" classname="tests.planManagement.PlanManagementModule">
    <ignored/>
  </testcase> <!-- TC15_PlanManagement_Status_Links_Paid -->
  <testcase name="TC20_PlanManagement_Pending_Invoices_Pagination" time="0.0" classname="tests.planManagement.PlanManagementModule">
    <ignored/>
  </testcase> <!-- TC20_PlanManagement_Pending_Invoices_Pagination -->
  <testcase name="TC10_PlanManagement_Summary_Of_Invoices_search" time="0.0" classname="tests.planManagement.PlanManagementModule">
    <ignored/>
  </testcase> <!-- TC10_PlanManagement_Summary_Of_Invoices_search -->
  <testcase name="TC09_PlanManagement_Invoices_FollowUp" time="0.0" classname="tests.planManagement.PlanManagementModule">
    <ignored/>
  </testcase> <!-- TC09_PlanManagement_Invoices_FollowUp -->
  <testcase name="TC13_PlanManagement_Status_Links_Duplicate" time="0.0" classname="tests.planManagement.PlanManagementModule">
    <ignored/>
  </testcase> <!-- TC13_PlanManagement_Status_Links_Duplicate -->
  <testcase name="TC02_PlanManagement_Dashboard_PageContents" time="0.0" classname="tests.planManagement.PlanManagementModule">
    <ignored/>
  </testcase> <!-- TC02_PlanManagement_Dashboard_PageContents -->
  <testcase name="TC05_PlanManagement_Chart_For_Paid_Duplicate_Automated_Manual" time="0.0" classname="tests.planManagement.PlanManagementModule">
    <ignored/>
  </testcase> <!-- TC05_PlanManagement_Chart_For_Paid_Duplicate_Automated_Manual -->
  <testcase name="TC22_PlanManagement_Approved_Invoices_search" time="0.0" classname="tests.planManagement.PlanManagementModule">
    <ignored/>
  </testcase> <!-- TC22_PlanManagement_Approved_Invoices_search -->
  <testcase name="TC11_PlanManagement_Participants_Name_Link" time="0.0" classname="tests.planManagement.PlanManagementModule">
    <ignored/>
  </testcase> <!-- TC11_PlanManagement_Participants_Name_Link -->
  <testcase name="TC19_PlanManagement_Pending_Invoices_View" time="0.0" classname="tests.planManagement.PlanManagementModule">
    <ignored/>
  </testcase> <!-- TC19_PlanManagement_Pending_Invoices_View -->
  <testcase name="TC01_PlanManagement_Loginpage" time="0.0" classname="tests.planManagement.PlanManagementModule">
    <ignored/>
  </testcase> <!-- TC01_PlanManagement_Loginpage -->
  <testcase name="TC16_PlanManagement_Pending_Invoices_Page_Contents" time="0.0" classname="tests.planManagement.PlanManagementModule">
    <ignored/>
  </testcase> <!-- TC16_PlanManagement_Pending_Invoices_Page_Contents -->
  <testcase name="TC23_PlanManagement_Approved_Invoices_Button_ExportCSV" time="0.0" classname="tests.planManagement.PlanManagementModule">
    <ignored/>
  </testcase> <!-- TC23_PlanManagement_Approved_Invoices_Button_ExportCSV -->
  <testcase name="TC21_PlanManagement_Approved_Invoices_PageContents" time="0.0" classname="tests.planManagement.PlanManagementModule">
    <ignored/>
  </testcase> <!-- TC21_PlanManagement_Approved_Invoices_PageContents -->
  <testcase name="TC03_PlanManagement_fetchInvoice" time="0.0" classname="tests.planManagement.PlanManagementModule">
    <ignored/>
  </testcase> <!-- TC03_PlanManagement_fetchInvoice -->
  <testcase name="TC07_PlanManagement_check_for_Pending_Invoices" time="0.0" classname="tests.planManagement.PlanManagementModule">
    <ignored/>
  </testcase> <!-- TC07_PlanManagement_check_for_Pending_Invoices -->
  <testcase name="TC12_PlanManagement_Status_Links_pending" time="0.0" classname="tests.planManagement.PlanManagementModule">
    <ignored/>
  </testcase> <!-- TC12_PlanManagement_Status_Links_pending -->
  <testcase name="TC04_PlanManagement_PythonScript" time="0.0" classname="tests.planManagement.PlanManagementModule">
    <ignored/>
  </testcase> <!-- TC04_PlanManagement_PythonScript -->
  <testcase name="TC14_PlanManagement_Status_Links_Follow_Up" time="0.0" classname="tests.planManagement.PlanManagementModule">
    <ignored/>
  </testcase> <!-- TC14_PlanManagement_Status_Links_Follow_Up -->
  <testcase name="TC08_PlanManagement_check_for_Duplicate_Invoices" time="0.0" classname="tests.planManagement.PlanManagementModule">
    <ignored/>
  </testcase> <!-- TC08_PlanManagement_check_for_Duplicate_Invoices -->
  <testcase name="TC18_PlanManagement_Pending_Invoices_Searchfield" time="0.0" classname="tests.planManagement.PlanManagementModule">
    <ignored/>
  </testcase> <!-- TC18_PlanManagement_Pending_Invoices_Searchfield -->
  <testcase name="TC17_Invoices_RunPlanner" time="0.0" classname="tests.planManagement.PlanManagementModule">
    <ignored/>
  </testcase> <!-- TC17_Invoices_RunPlanner -->
</testsuite> <!-- ADMIN_TESTS_ -->
